c:\users\15146\documents\school\s2\app7\snakescene\debug\vc141.pdb
c:\users\15146\documents\school\s2\app7\snakescene\debug\moc_snake.obj
c:\users\15146\documents\school\s2\app7\snakescene\debug\snake.obj
c:\users\15146\documents\school\s2\app7\snakescene\debug\main.obj
c:\users\15146\documents\school\s2\app7\snakescene\debug\fruit.obj
c:\users\15146\documents\school\s2\app7\snakescene\debug\border.obj
c:\users\15146\documents\school\s2\app7\snakescene\debug\message.obj
c:\users\15146\documents\school\s2\app7\snakescene\debug\moc_predefs.h
c:\users\15146\documents\school\s2\app7\snakescene\debug\moc_snake.cpp
c:\users\15146\documents\school\s2\app7\snakescene\debug\snake.exe
c:\users\15146\documents\school\s2\app7\snakescene\debug\snake.ilk
c:\users\15146\documents\school\s2\app7\snakescene\debug\snake.pdb
c:\users\15146\documents\school\s2\app7\snakescene\debug\snake.tlog\cl.command.1.tlog
c:\users\15146\documents\school\s2\app7\snakescene\debug\snake.tlog\cl.read.1.tlog
c:\users\15146\documents\school\s2\app7\snakescene\debug\snake.tlog\cl.write.1.tlog
c:\users\15146\documents\school\s2\app7\snakescene\debug\snake.tlog\custombuild.command.1.tlog
c:\users\15146\documents\school\s2\app7\snakescene\debug\snake.tlog\custombuild.read.1.tlog
c:\users\15146\documents\school\s2\app7\snakescene\debug\snake.tlog\custombuild.write.1.tlog
c:\users\15146\documents\school\s2\app7\snakescene\debug\snake.tlog\link.command.1.tlog
c:\users\15146\documents\school\s2\app7\snakescene\debug\snake.tlog\link.read.1.tlog
c:\users\15146\documents\school\s2\app7\snakescene\debug\snake.tlog\link.write.1.tlog
